{
  "stats": {
    "suites": 1,
    "tests": 1,
    "passes": 0,
    "pending": 0,
    "failures": 1,
    "start": "2025-05-26T09:36:01.892Z",
    "end": "2025-05-26T09:36:16.577Z",
    "duration": 14685,
    "testsRegistered": 1,
    "passPercent": 0,
    "pendingPercent": 0,
    "other": 0,
    "hasOther": false,
    "skipped": 0,
    "hasSkipped": false
  },
  "results": [
    {
      "uuid": "4c7f2480-b245-46af-afc8-641fee4fdb8d",
      "title": "",
      "fullFile": "cypress\\e2e\\LogintoulasanPositif.cy.js",
      "file": "cypress\\e2e\\LogintoulasanPositif.cy.js",
      "beforeHooks": [],
      "afterHooks": [],
      "tests": [],
      "suites": [
        {
          "uuid": "dd560706-f371-46f8-9697-f57fdcade6b8",
          "title": "iLibUNIPA",
          "fullFile": "",
          "file": "",
          "beforeHooks": [],
          "afterHooks": [],
          "tests": [
            {
              "title": "should login with valid credentials",
              "fullTitle": "iLibUNIPA should login with valid credentials",
              "timedOut": null,
              "duration": 12937,
              "state": "failed",
              "speed": null,
              "pass": false,
              "fail": true,
              "pending": false,
              "context": null,
              "code": "cy.visit('https://web-unipadigitallibrary.moco.co.id/login', {\n  failOnStatusCode: false\n}); // Link\n// Isi username dan password\ncy.get('input[name=\"email\"]').type('rektor@unipa.ac.id'); // ganti dengan user asli\ncy.get('input[name=\"password\"]').type('12345678'); // ganti dengan password\ncy.get('form').submit(); // sesuaikan jika bukan button biasa\ncy.url().should('not.include', '/login');\n// Baru visit halaman search (atau klik menu navigasi)\ncy.visit('https://web-unipadigitallibrary.moco.co.id/search', {\n  failOnStatusCode: false\n});\n// Cek apakah modal muncul, jika iya klik tombol tutup modal\ncy.get('body').then($body => {\n  if ($body.find('.ant-modal-wrap').length > 0) {\n    cy.get('.btn-popup-modal').click(); // sesuaikan selector tombol close modal\n  }\n});\n// Lanjutkan search\ncy.get('input[placeholder=\"Telusuri Koleksi Universitas Papua\"]').should('be.visible').type('ekonomi');\n//klik buku yang dicari\ncy.get('.ant-input-suffix .anticon-search').click();\ncy.get('.ant-card').eq(2).click();\n//* pinjam buku\ncy.contains('button', 'Pinjam').should('be.visible').first().click();\ncy.get('button.btn-popup-modal').contains('Pinjam').click({\n  force: true\n});\n// baca buku\ncy.contains('button', 'Baca').should('be.visible').first().click();\n// baca buku\ncy.url().should('include', '/read-book'); // pastikan sudah masuk ke halaman baca\ncy.wait(30000); // opsional untuk render penuh\ncy.contains('Kembali').click({\n  force: true\n});\n// tidak harus visible dulu\n// beri ulasan\ncy.contains('button', 'Berikan Ulasan').should('be.visible').first().click();\n// isi ulasan (rating dan komentar)\n// asumsi ada radio/checkbox untuk rating dan textarea untuk komentar\n// Pastikan modal terbuka\ncy.get('.ant-modal-content', {\n  timeout: 10000\n}).should('be.visible');\ncy.wait(500);\n// Klik bintang ke-5\ncy.get('.ant-rate-star').eq(8) // bintang ke-5\n.find('.ant-rate-star-second').should('exist').click({\n  force: true\n}); // ← ini penting!\ncy.get('.ant-rate-star').each(($el, index) => {\n  cy.wrap($el).invoke('attr', 'class').then(cls => {\n    cy.log(`Star ${index + 1}: ${cls}`);\n  });\n  cy.get('input[placeholder=\"Tuliskan ulasan...\"]').should('be.visible').type('Buku ini sangat membantu dalam memahami dasar-dasar manajemen.');\n  // klik tombol submit ulasan\n  cy.contains('button', 'Ubah').should('be.visible').click();\n  // validasi sukses\n  cy.contains('Ulasan tersimpan.').should('exist'); // sesuaikan dengan pesan sukses nyata\n});",
              "err": {
                "message": "AssertionError: Timed out retrying after 4000ms: Expected to find content: 'Baca' within the selector: 'button' but never did.",
                "estack": "AssertionError: Timed out retrying after 4000ms: Expected to find content: 'Baca' within the selector: 'button' but never did.\n    at Context.eval (webpack://cypress-ilib-test/./cypress/e2e/LogintoulasanPositif.cy.js:50:7)",
                "diff": null
              },
              "uuid": "aeba5da7-dfa2-4f09-8c1e-f59b5fce58af",
              "parentUUID": "dd560706-f371-46f8-9697-f57fdcade6b8",
              "isHook": false,
              "skipped": false
            }
          ],
          "suites": [],
          "passes": [],
          "failures": [
            "aeba5da7-dfa2-4f09-8c1e-f59b5fce58af"
          ],
          "pending": [],
          "skipped": [],
          "duration": 12937,
          "root": false,
          "rootEmpty": false,
          "_timeout": 2000
        }
      ],
      "passes": [],
      "failures": [],
      "pending": [],
      "skipped": [],
      "duration": 0,
      "root": true,
      "rootEmpty": true,
      "_timeout": 2000
    }
  ],
  "meta": {
    "mocha": {
      "version": "7.2.0"
    },
    "mochawesome": {
      "options": {
        "quiet": false,
        "reportFilename": "mochawesome",
        "saveHtml": true,
        "saveJson": true,
        "consoleReporter": "spec",
        "useInlineDiffs": false,
        "code": true
      },
      "version": "7.1.3"
    },
    "marge": {
      "options": {
        "reportDir": "cypress/reports",
        "overwrite": false,
        "html": true,
        "json": true
      },
      "version": "6.2.0"
    }
  }
}